<?xml version="1.0" encoding="UTF-8"?>
<!-- Generated by org.testng.reporters.JUnitReportReporter -->
<testsuite skipped="0" hostname="DESKTOP-TFIKAD1" name="scripts.Webtables" tests="1" failures="0" timestamp="02 Jul 2020 13:28:05 GMT" time="19.672" errors="0">
  <testcase name="tc_01" time="19.672" classname="scripts.Webtables"/>
</testsuite> <!-- scripts.Webtables -->
