<?xml version="1.0" encoding="UTF-8"?>
<!-- Generated by org.testng.reporters.JUnitReportReporter -->
<testsuite skipped="0" hostname="DESKTOP-TFIKAD1" name="parallelscripts.ParallelExecutionDemo1" tests="2" failures="0" timestamp="02 Jul 2020 12:41:57 GMT" time="26.720" errors="0">
  <testcase name="tc_01" time="14.762" classname="parallelscripts.ParallelExecutionDemo1"/>
  <testcase name="tc_02" time="11.958" classname="parallelscripts.ParallelExecutionDemo1"/>
</testsuite> <!-- parallelscripts.ParallelExecutionDemo1 -->
