<?xml version="1.0" encoding="UTF-8"?>
<!-- Generated by org.testng.reporters.JUnitReportReporter -->
<testsuite skipped="0" hostname="DESKTOP-TFIKAD1" name="com.tyss.urbanladder.urbanladdermenu" tests="1" failures="0" timestamp="02 Jul 2020 13:09:39 GMT" time="22.461" errors="0">
  <testcase name="tc_01" time="22.461" classname="com.tyss.urbanladder.urbanladdermenu"/>
</testsuite> <!-- com.tyss.urbanladder.urbanladdermenu -->
