<?xml version="1.0" encoding="UTF-8"?>
<!-- Generated by org.testng.reporters.JUnitReportReporter -->
<testsuite skipped="0" hostname="DESKTOP-TFIKAD1" name="com.tyss.listeners.TestingLoginFeature" tests="1" failures="0" timestamp="02 Jul 2020 12:39:12 GMT" time="36.377" errors="0">
  <testcase name="tc_01" time="36.377" classname="com.tyss.listeners.TestingLoginFeature"/>
</testsuite> <!-- com.tyss.listeners.TestingLoginFeature -->
