<?xml version="1.0" encoding="UTF-8"?>
<!-- Generated by org.testng.reporters.JUnitReportReporter -->
<testsuite skipped="0" hostname="DESKTOP-TFIKAD1" name="scripts.BrokenLinks" tests="1" failures="0" timestamp="02 Jul 2020 13:13:52 GMT" time="11.903" errors="0">
  <testcase name="tc_01" time="11.903" classname="scripts.BrokenLinks"/>
</testsuite> <!-- scripts.BrokenLinks -->
