<?xml version="1.0" encoding="UTF-8"?>
<!-- Generated by org.testng.reporters.JUnitReportReporter -->
<testsuite skipped="0" hostname="DESKTOP-TFIKAD1" name="com.tyss.RetryDemo.TestCaseforRerun" tests="2" failures="0" timestamp="02 Jul 2020 13:02:18 GMT" time="59.216" errors="0">
  <testcase name="tc_02" time="17.595" classname="com.tyss.RetryDemo.TestCaseforRerun"/>
  <testcase name="tc_01" time="41.621" classname="com.tyss.RetryDemo.TestCaseforRerun"/>
</testsuite> <!-- com.tyss.RetryDemo.TestCaseforRerun -->
