<?xml version="1.0" encoding="UTF-8"?>
<!-- Generated by org.testng.reporters.JUnitReportReporter -->
<testsuite skipped="0" hostname="DESKTOP-TFIKAD1" name="scripts.UrbanladderHomePage" tests="1" failures="0" timestamp="02 Jul 2020 13:19:32 GMT" time="33.907" errors="0">
  <testcase name="tc_verifyMenuItems" time="33.907" classname="scripts.UrbanladderHomePage"/>
</testsuite> <!-- scripts.UrbanladderHomePage -->
