<?xml version="1.0" encoding="UTF-8"?>
<!-- Generated by org.testng.reporters.JUnitReportReporter -->
<testsuite skipped="0" hostname="DESKTOP-TFIKAD1" name="parallelscripts.ParallelExecutionDemo3" tests="2" failures="0" timestamp="02 Jul 2020 12:43:45 GMT" time="35.143" errors="0">
  <testcase name="tc_03" time="19.087" classname="parallelscripts.ParallelExecutionDemo3"/>
  <testcase name="tc_04" time="16.056" classname="parallelscripts.ParallelExecutionDemo3"/>
</testsuite> <!-- parallelscripts.ParallelExecutionDemo3 -->
