<?xml version="1.0" encoding="UTF-8"?>
<!-- Generated by org.testng.reporters.JUnitReportReporter -->
<testsuite skipped="0" hostname="DESKTOP-TFIKAD1" name="scripts.BrokenLinks2" tests="1" failures="0" timestamp="02 Jul 2020 13:16:52 GMT" time="16.725" errors="0">
  <testcase name="tc_01" time="16.725" classname="scripts.BrokenLinks2"/>
</testsuite> <!-- scripts.BrokenLinks2 -->
