<?xml version="1.0" encoding="UTF-8"?>
<!-- Generated by org.testng.reporters.JUnitReportReporter -->
<testsuite skipped="0" hostname="DESKTOP-TFIKAD1" name="parallelscripts.ParallelExecutionDemo2" tests="2" failures="0" timestamp="02 Jul 2020 12:42:51 GMT" time="38.292" errors="0">
  <testcase name="tc_03" time="23.022" classname="parallelscripts.ParallelExecutionDemo2"/>
  <testcase name="tc_04" time="15.270" classname="parallelscripts.ParallelExecutionDemo2"/>
</testsuite> <!-- parallelscripts.ParallelExecutionDemo2 -->
