<?xml version="1.0" encoding="UTF-8"?>
<!-- Generated by org.testng.reporters.JUnitReportReporter -->
<testsuite skipped="0" hostname="DESKTOP-TFIKAD1" name="com.tyss.urbanladder.Urbanladder" tests="1" failures="0" timestamp="02 Jul 2020 13:06:43 GMT" time="50.318" errors="0">
  <testcase name="urbanLadderTest" time="50.318" classname="com.tyss.urbanladder.Urbanladder"/>
</testsuite> <!-- com.tyss.urbanladder.Urbanladder -->
